[0.176s] Invoking command in '/ros2_ws/build/digipot': CMAKE_PREFIX_PATH=/opt/ros/humble /usr/bin/cmake --build /ros2_ws/build/digipot -- -j4 -l4
[0.802s] [35m[1mConsolidate compiler generated dependencies of target digipot[0m
[0.949s] [ 33%] [32mBuilding CXX object CMakeFiles/digipot.dir/src/digipot.cpp.o[0m
[11.277s] [01m[K/ros2_ws/src/digipot/src/digipot.cpp:153:36:[m[K [01;31m[Kerror: [m[Kâ€˜[01m[KString[m[Kâ€™ is not a member of â€˜[01m[Kstd_msgs::msg[m[Kâ€™
[11.277s]   153 |   rclcpp::Publisher<std_msgs::msg::[01;31m[KString[m[K>::SharedPtr publisher_;
[11.278s]       |                                    [01;31m[K^~~~~~[m[K
[11.278s] [01m[K/ros2_ws/src/digipot/src/digipot.cpp:153:42:[m[K [01;31m[Kerror: [m[Ktemplate argument 1 is invalid
[11.278s]   153 |   rclcpp::Publisher<std_msgs::msg::String[01;31m[K>[m[K::SharedPtr publisher_;
[11.279s]       |                                          [01;31m[K^[m[K
[11.279s] [01m[K/ros2_ws/src/digipot/src/digipot.cpp:153:45:[m[K [01;31m[Kerror: [m[Kexpected â€˜[01m[K;[m[Kâ€™ at end of member declaration
[11.279s]   153 |   rclcpp::Publisher<std_msgs::msg::String>::[01;31m[KSharedPtr[m[K publisher_;
[11.280s]       |                                             [01;31m[K^~~~~~~~~[m[K
[11.280s]       |                                                      [32m[K;[m[K
[11.285s] [01m[K/ros2_ws/src/digipot/src/digipot.cpp:153:55:[m[K [01;31m[Kerror: [m[Kâ€˜[01m[Kpublisher_[m[Kâ€™ does not name a type; did you mean â€˜[01m[Krmw_publisher_t[m[Kâ€™?
[11.285s]   153 |   rclcpp::Publisher<std_msgs::msg::String>::SharedPtr [01;31m[Kpublisher_[m[K;
[11.286s]       |                                                       [01;31m[K^~~~~~~~~~[m[K
[11.286s]       |                                                       [32m[Krmw_publisher_t[m[K
[11.328s] [01m[K/ros2_ws/src/digipot/src/digipot.cpp:[m[K In constructor â€˜[01m[KDigipotNode::DigipotNode()[m[Kâ€™:
[11.328s] [01m[K/ros2_ws/src/digipot/src/digipot.cpp:39:5:[m[K [01;31m[Kerror: [m[Kâ€˜[01m[Kdev_address_[m[Kâ€™ was not declared in this scope
[11.329s]    39 |     [01;31m[Kdev_address_[m[K = ADS1X15_ADDRESS;
[11.329s]       |     [01;31m[K^~~~~~~~~~~~[m[K
[11.363s] [01m[K/ros2_ws/src/digipot/src/digipot.cpp:39:20:[m[K [01;31m[Kerror: [m[Kâ€˜[01m[KADS1X15_ADDRESS[m[Kâ€™ was not declared in this scope
[11.363s]    39 |     dev_address_ = [01;31m[KADS1X15_ADDRESS[m[K;
[11.364s]       |                    [01;31m[K^~~~~~~~~~~~~~~[m[K
[11.423s] [01m[K/ros2_ws/src/digipot/src/digipot.cpp:51:5:[m[K [01;31m[Kerror: [m[Kâ€˜[01m[Kpublisher_[m[Kâ€™ was not declared in this scope; did you mean â€˜[01m[Krmw_publisher_t[m[Kâ€™?
[11.424s]    51 |     [01;31m[Kpublisher_[m[K = this->create_publisher<std_msgs::msg::Int16>("digipot_ctrl", 10);
[11.424s]       |     [01;31m[K^~~~~~~~~~[m[K
[11.425s]       |     [32m[Krmw_publisher_t[m[K
[11.426s] [01m[K/ros2_ws/src/digipot/src/digipot.cpp:51:56:[m[K [01;31m[Kerror: [m[Kâ€˜[01m[KInt16[m[Kâ€™ is not a member of â€˜[01m[Kstd_msgs::msg[m[Kâ€™
[11.426s]    51 |     publisher_ = this->create_publisher<std_msgs::msg::[01;31m[KInt16[m[K>("digipot_ctrl", 10);
[11.426s]       |                                                        [01;31m[K^~~~~[m[K
[11.427s] [01m[K/ros2_ws/src/digipot/src/digipot.cpp:51:62:[m[K [01;31m[Kerror: [m[Kno matching function for call to â€˜[01m[KDigipotNode::create_publisher<<expression error> >(const char [13], int)[m[Kâ€™
[11.427s]    51 |     publisher_ = [01;31m[Kthis->create_publisher<std_msgs::msg::Int16>("digipot_ctrl", 10)[m[K;
[11.427s]       |                  [01;31m[K~~~~~~~~~~~~~~~~~~~~~~~~~~~~~~~~~~~~~~~~~~~~^~~~~~~~~~~~~~~~~~~~[m[K
[11.428s] In file included from [01m[K/opt/ros/humble/include/rclcpp/rclcpp/executors/single_threaded_executor.hpp:28[m[K,
[11.428s]                  from [01m[K/opt/ros/humble/include/rclcpp/rclcpp/executors.hpp:22[m[K,
[11.429s]                  from [01m[K/opt/ros/humble/include/rclcpp/rclcpp/rclcpp.hpp:155[m[K,
[11.429s]                  from [01m[K/ros2_ws/src/digipot/src/digipot.cpp:7[m[K:
[11.429s] [01m[K/opt/ros/humble/include/rclcpp/rclcpp/node.hpp:195:3:[m[K [01;36m[Knote: [m[Kcandidate: â€˜[01m[Ktemplate<class MessageT, class AllocatorT, class PublisherT> std::shared_ptr<PublisherT> rclcpp::Node::create_publisher(const string&, const rclcpp::QoS&, const rclcpp::PublisherOptionsWithAllocator<AllocatorT>&)[m[Kâ€™
[11.430s]   195 |   [01;36m[Kcreate_publisher[m[K(
[11.430s]       |   [01;36m[K^~~~~~~~~~~~~~~~[m[K
[11.430s] [01m[K/opt/ros/humble/include/rclcpp/rclcpp/node.hpp:195:3:[m[K [01;36m[Knote: [m[K  template argument deduction/substitution failed:
[11.431s] [01m[K/ros2_ws/src/digipot/src/digipot.cpp:51:62:[m[K [01;31m[Kerror: [m[Ktemplate argument 1 is invalid
[11.431s]    51 |     publisher_ = [01;31m[Kthis->create_publisher<std_msgs::msg::Int16>("digipot_ctrl", 10)[m[K;
[11.431s]       |                  [01;31m[K~~~~~~~~~~~~~~~~~~~~~~~~~~~~~~~~~~~~~~~~~~~~^~~~~~~~~~~~~~~~~~~~[m[K
[11.432s] [01m[K/ros2_ws/src/digipot/src/digipot.cpp:52:56:[m[K [01;31m[Kerror: [m[Kâ€˜[01m[KMinimalPublisher[m[Kâ€™ has not been declared
[11.432s]    52 |     timer_ = this->create_wall_timer(500ms, std::bind(&[01;31m[KMinimalPublisher[m[K::timer_callback, this));
[11.433s]       |                                                        [01;31m[K^~~~~~~~~~~~~~~~[m[K
[11.442s] [01m[K/ros2_ws/src/digipot/src/digipot.cpp:[m[K In member function â€˜[01m[Kvoid DigipotNode::timer_callback()[m[Kâ€™:
[11.443s] [01m[K/ros2_ws/src/digipot/src/digipot.cpp:77:37:[m[K [01;31m[Kerror: [m[Kâ€˜[01m[KInt16[m[Kâ€™ is not a member of â€˜[01m[Kstd_msgs::msg[m[Kâ€™
[11.443s]    77 |       auto message = std_msgs::msg::[01;31m[KInt16[m[K();
[11.444s]       |                                     [01;31m[K^~~~~[m[K
[11.467s] [01m[K/ros2_ws/src/digipot/src/digipot.cpp:79:7:[m[K [01;31m[Kerror: [m[Kâ€˜[01m[Kpublisher_[m[Kâ€™ was not declared in this scope; did you mean â€˜[01m[Krmw_publisher_t[m[Kâ€™?
[11.468s]    79 |       [01;31m[Kpublisher_[m[K->publish(message);
[11.468s]       |       [01;31m[K^~~~~~~~~~[m[K
[11.469s]       |       [32m[Krmw_publisher_t[m[K
[11.519s] [01m[K/ros2_ws/src/digipot/src/digipot.cpp:[m[K In member function â€˜[01m[Kint16_t DigipotNode::read_ADC(uint8_t)[m[Kâ€™:
[11.520s] [01m[K/ros2_ws/src/digipot/src/digipot.cpp:89:7:[m[K [01;31m[Kerror: [m[Kâ€˜[01m[KADS1X15_REG_CONFIG_CQUE_1CONV[m[Kâ€™ was not declared in this scope
[11.520s]    89 |       [01;31m[KADS1X15_REG_CONFIG_CQUE_1CONV[m[K |   // Set CQUE to any value other than
[11.521s]       |       [01;31m[K^~~~~~~~~~~~~~~~~~~~~~~~~~~~~[m[K
[11.572s] [01m[K/ros2_ws/src/digipot/src/digipot.cpp:91:7:[m[K [01;31m[Kerror: [m[Kâ€˜[01m[KADS1X15_REG_CONFIG_CLAT_NONLAT[m[Kâ€™ was not declared in this scope
[11.572s]    91 |       [01;31m[KADS1X15_REG_CONFIG_CLAT_NONLAT[m[K |  // Non-latching (default val)
[11.573s]       |       [01;31m[K^~~~~~~~~~~~~~~~~~~~~~~~~~~~~~[m[K
[11.625s] [01m[K/ros2_ws/src/digipot/src/digipot.cpp:92:7:[m[K [01;31m[Kerror: [m[Kâ€˜[01m[KADS1X15_REG_CONFIG_CPOL_ACTVLOW[m[Kâ€™ was not declared in this scope
[11.626s]    92 |       [01;31m[KADS1X15_REG_CONFIG_CPOL_ACTVLOW[m[K | // Alert/Rdy active low   (default val)
[11.626s]       |       [01;31m[K^~~~~~~~~~~~~~~~~~~~~~~~~~~~~~~[m[K
[11.676s] [01m[K/ros2_ws/src/digipot/src/digipot.cpp:93:7:[m[K [01;31m[Kerror: [m[Kâ€˜[01m[KADS1X15_REG_CONFIG_CMODE_TRAD[m[Kâ€™ was not declared in this scope
[11.677s]    93 |       [01;31m[KADS1X15_REG_CONFIG_CMODE_TRAD[m[K |    // Traditional comparator (default val)
[11.677s]       |       [01;31m[K^~~~~~~~~~~~~~~~~~~~~~~~~~~~~[m[K
[11.728s] [01m[K/ros2_ws/src/digipot/src/digipot.cpp:94:7:[m[K [01;31m[Kerror: [m[Kâ€˜[01m[KADS1X15_REG_CONFIG_MODE_SINGLE[m[Kâ€™ was not declared in this scope
[11.729s]    94 |       [01;31m[KADS1X15_REG_CONFIG_MODE_SINGLE[m[K |    // Sigle read mode
[11.729s]       |       [01;31m[K^~~~~~~~~~~~~~~~~~~~~~~~~~~~~~[m[K
[11.763s] [01m[K/ros2_ws/src/digipot/src/digipot.cpp:95:7:[m[K [01;31m[Kerror: [m[Kâ€˜[01m[KGAIN_TWOTHIRDS[m[Kâ€™ was not declared in this scope
[11.763s]    95 |       [01;31m[KGAIN_TWOTHIRDS[m[K |
[11.764s]       |       [01;31m[K^~~~~~~~~~~~~~[m[K
[11.805s] [01m[K/ros2_ws/src/digipot/src/digipot.cpp:96:7:[m[K [01;31m[Kerror: [m[Kâ€˜[01m[KRATE_ADS1115_128SPS[m[Kâ€™ was not declared in this scope
[11.806s]    96 |       [01;31m[KRATE_ADS1115_128SPS[m[K |
[11.806s]       |       [01;31m[K^~~~~~~~~~~~~~~~~~~[m[K
[11.841s] [01m[K/ros2_ws/src/digipot/src/digipot.cpp:97:7:[m[K [01;31m[Kerror: [m[Kâ€˜[01m[KMUX_BY_CHANNEL[m[Kâ€™ was not declared in this scope
[11.841s]    97 |       [01;31m[KMUX_BY_CHANNEL[m[K[channel] |
[11.842s]       |       [01;31m[K^~~~~~~~~~~~~~[m[K
[11.893s] [01m[K/ros2_ws/src/digipot/src/digipot.cpp:98:7:[m[K [01;31m[Kerror: [m[Kâ€˜[01m[KADS1X15_REG_CONFIG_OS_SINGLE[m[Kâ€™ was not declared in this scope
[11.893s]    98 |       [01;31m[KADS1X15_REG_CONFIG_OS_SINGLE[m[K;
[11.894s]       |       [01;31m[K^~~~~~~~~~~~~~~~~~~~~~~~~~~~[m[K
[11.942s] [01m[K/ros2_ws/src/digipot/src/digipot.cpp:100:15:[m[K [01;31m[Kerror: [m[Kâ€˜[01m[KADS1X15_REG_POINTER_CONFIG[m[Kâ€™ was not declared in this scope
[11.943s]   100 |     write_reg([01;31m[KADS1X15_REG_POINTER_CONFIG[m[K, config);
[11.943s]       |               [01;31m[K^~~~~~~~~~~~~~~~~~~~~~~~~~[m[K
[11.994s] [01m[K/ros2_ws/src/digipot/src/digipot.cpp:101:15:[m[K [01;31m[Kerror: [m[Kâ€˜[01m[KADS1X15_REG_POINTER_HITHRESH[m[Kâ€™ was not declared in this scope
[11.995s]   101 |     write_reg([01;31m[KADS1X15_REG_POINTER_HITHRESH[m[K, 0x8000);
[11.995s]       |               [01;31m[K^~~~~~~~~~~~~~~~~~~~~~~~~~~~[m[K
[12.046s] [01m[K/ros2_ws/src/digipot/src/digipot.cpp:102:15:[m[K [01;31m[Kerror: [m[Kâ€˜[01m[KADS1X15_REG_POINTER_LOWTHRESH[m[Kâ€™ was not declared in this scope
[12.047s]   102 |     write_reg([01;31m[KADS1X15_REG_POINTER_LOWTHRESH[m[K, 0x0000);
[12.047s]       |               [01;31m[K^~~~~~~~~~~~~~~~~~~~~~~~~~~~~[m[K
[12.097s] [01m[K/ros2_ws/src/digipot/src/digipot.cpp:109:22:[m[K [01;31m[Kerror: [m[Kâ€˜[01m[KADS1X15_REG_POINTER_CONVERT[m[Kâ€™ was not declared in this scope
[12.098s]   109 |     return (int16_t)([01;31m[KADS1X15_REG_POINTER_CONVERT[m[K);
[12.098s]       |                      [01;31m[K^~~~~~~~~~~~~~~~~~~~~~~~~~~[m[K
[12.099s] [01m[K/ros2_ws/src/digipot/src/digipot.cpp:[m[K In member function â€˜[01m[Kvoid DigipotNode::write_reg(uint8_t, uint8_t)[m[Kâ€™:
[12.099s] [01m[K/ros2_ws/src/digipot/src/digipot.cpp:121:43:[m[K [01;35m[Kwarning: [m[Knarrowing conversion of â€˜[01m[K(int)(((unsigned char)((int)data)) & 255)[m[Kâ€™ from â€˜[01m[Kint[m[Kâ€™ to â€˜[01m[Kuint8_t[m[Kâ€™ {aka â€˜[01m[Kunsigned char[m[Kâ€™} [[01;35m[K-Wnarrowing[m[K]
[12.099s]   121 |         uint8_t buf[3] = {reg, data, [01;35m[Kdata & 0xFF[m[K};
[12.100s]       |                                      [01;35m[K~~~~~^~~~~~[m[K
[21.551s] gmake[2]: *** [CMakeFiles/digipot.dir/build.make:76: CMakeFiles/digipot.dir/src/digipot.cpp.o] Error 1
[21.552s] gmake[1]: *** [CMakeFiles/Makefile2:137: CMakeFiles/digipot.dir/all] Error 2
[21.552s] gmake: *** [Makefile:146: all] Error 2
[21.557s] Invoked command in '/ros2_ws/build/digipot' returned '2': CMAKE_PREFIX_PATH=/opt/ros/humble /usr/bin/cmake --build /ros2_ws/build/digipot -- -j4 -l4
