[01m[K/ros2_ws/src/digipot/src/digipot.cpp:[m[K In constructor â€˜[01m[KDigipotNode::DigipotNode()[m[Kâ€™:
[01m[K/ros2_ws/src/digipot/src/digipot.cpp:58:5:[m[K [01;31m[Kerror: [m[Kâ€˜[01m[Kjoy_sub[m[Kâ€™ was not declared in this scope; did you mean â€˜[01m[Kjoy_sub_[m[Kâ€™?
   58 |     [01;31m[Kjoy_sub[m[K+ = create_subscription<sensor_msgs::msg::Joy>(
      |     [01;31m[K^~~~~~~[m[K
      |     [32m[Kjoy_sub_[m[K
[01m[K/ros2_ws/src/digipot/src/digipot.cpp:58:14:[m[K [01;31m[Kerror: [m[Kexpected primary-expression before â€˜[01m[K=[m[Kâ€™ token
   58 |     joy_sub+ [01;31m[K=[m[K create_subscription<sensor_msgs::msg::Joy>(
      |              [01;31m[K^[m[K
[01m[K/ros2_ws/src/digipot/src/digipot.cpp:[m[K In member function â€˜[01m[Kvoid DigipotNode::teleopCallback(geometry_msgs::msg::Twist_<std::allocator<void> >::SharedPtr)[m[Kâ€™:
[01m[K/ros2_ws/src/digipot/src/digipot.cpp:87:13:[m[K [01;35m[Kwarning: [m[Kunused variable â€˜[01m[Kvalue[m[Kâ€™ [[01;35m[K-Wunused-variable[m[K]
   87 |     uint8_t [01;35m[Kvalue[m[K = digipot_.get() + msg->linear.x;
      |             [01;35m[K^~~~~[m[K
[01m[K/ros2_ws/src/digipot/src/digipot.cpp:[m[K In member function â€˜[01m[Kvoid DigipotNode::joyCallback(sensor_msgs::msg::Joy_<std::allocator<void> >::SharedPtr)[m[Kâ€™:
[01m[K/ros2_ws/src/digipot/src/digipot.cpp:102:5:[m[K [01;31m[Kerror: [m[Kâ€˜[01m[Kfloat32_t[m[Kâ€™ was not declared in this scope; did you mean â€˜[01m[Kfloat_t[m[Kâ€™?
  102 |     [01;31m[Kfloat32_t[m[K fb_value = msg->axes[1];
      |     [01;31m[K^~~~~~~~~[m[K
      |     [32m[Kfloat_t[m[K
[01m[K/ros2_ws/src/digipot/src/digipot.cpp:103:15:[m[K [01;31m[Kerror: [m[Kexpected â€˜[01m[K;[m[Kâ€™ before â€˜[01m[Krl_value[m[Kâ€™
  103 |     float32_t [01;31m[Krl_value[m[K = msg->axes[2];
      |               [01;31m[K^~~~~~~~[m[K
[01m[K/ros2_ws/src/digipot/src/digipot.cpp:105:36:[m[K [01;31m[Kerror: [m[Kâ€˜[01m[Kfb_value[m[Kâ€™ was not declared in this scope; did you mean â€˜[01m[Ksi_value[m[Kâ€™?
  105 |     digipot_.set(static_cast<int>(([01;31m[Kfb_value[m[K + 1.0)/(2.0) * (-99.0) + 99.0));
      |                                    [01;31m[K^~~~~~~~[m[K
      |                                    [32m[Ksi_value[m[K
[01m[K/ros2_ws/src/digipot/src/digipot.cpp:100:59:[m[K [01;35m[Kwarning: [m[Kunused parameter â€˜[01m[Kmsg[m[Kâ€™ [[01;35m[K-Wunused-parameter[m[K]
  100 |   void joyCallback([01;35m[Kconst sensor_msgs::msg::Joy::SharedPtr msg[m[K)
      |                    [01;35m[K~~~~~~~~~~~~~~~~~~~~~~~~~~~~~~~~~~~~~~~^~~[m[K
gmake[2]: *** [CMakeFiles/digipot.dir/build.make:76: CMakeFiles/digipot.dir/src/digipot.cpp.o] Error 1
gmake[1]: *** [CMakeFiles/Makefile2:137: CMakeFiles/digipot.dir/all] Error 2
gmake: *** [Makefile:146: all] Error 2
