[01m[K/ros2_ws/src/digipot/src/digipot.cpp:153:36:[m[K [01;31m[Kerror: [m[Kâ€˜[01m[KInt16[m[Kâ€™ is not a member of â€˜[01m[Kstd_msgs::msg[m[Kâ€™
  153 |   rclcpp::Publisher<std_msgs::msg::[01;31m[KInt16[m[K>::SharedPtr publisher_;
      |                                    [01;31m[K^~~~~[m[K
[01m[K/ros2_ws/src/digipot/src/digipot.cpp:153:41:[m[K [01;31m[Kerror: [m[Ktemplate argument 1 is invalid
  153 |   rclcpp::Publisher<std_msgs::msg::Int16[01;31m[K>[m[K::SharedPtr publisher_;
      |                                         [01;31m[K^[m[K
[01m[K/ros2_ws/src/digipot/src/digipot.cpp:153:44:[m[K [01;31m[Kerror: [m[Kexpected â€˜[01m[K;[m[Kâ€™ at end of member declaration
  153 |   rclcpp::Publisher<std_msgs::msg::Int16>::[01;31m[KSharedPtr[m[K publisher_;
      |                                            [01;31m[K^~~~~~~~~[m[K
      |                                                     [32m[K;[m[K
[01m[K/ros2_ws/src/digipot/src/digipot.cpp:153:54:[m[K [01;31m[Kerror: [m[Kâ€˜[01m[Kpublisher_[m[Kâ€™ does not name a type; did you mean â€˜[01m[Krmw_publisher_t[m[Kâ€™?
  153 |   rclcpp::Publisher<std_msgs::msg::Int16>::SharedPtr [01;31m[Kpublisher_[m[K;
      |                                                      [01;31m[K^~~~~~~~~~[m[K
      |                                                      [32m[Krmw_publisher_t[m[K
[01m[K/ros2_ws/src/digipot/src/digipot.cpp:[m[K In constructor â€˜[01m[KDigipotNode::DigipotNode()[m[Kâ€™:
[01m[K/ros2_ws/src/digipot/src/digipot.cpp:51:5:[m[K [01;31m[Kerror: [m[Kâ€˜[01m[Kpublisher_[m[Kâ€™ was not declared in this scope; did you mean â€˜[01m[Krmw_publisher_t[m[Kâ€™?
   51 |     [01;31m[Kpublisher_[m[K = this->create_publisher<std_msgs::msg::Float32>("digipot_ctrl", 10);
      |     [01;31m[K^~~~~~~~~~[m[K
      |     [32m[Krmw_publisher_t[m[K
[01m[K/ros2_ws/src/digipot/src/digipot.cpp:[m[K In member function â€˜[01m[Kvoid DigipotNode::timer_callback()[m[Kâ€™:
[01m[K/ros2_ws/src/digipot/src/digipot.cpp:79:7:[m[K [01;31m[Kerror: [m[Kâ€˜[01m[Kpublisher_[m[Kâ€™ was not declared in this scope; did you mean â€˜[01m[Krmw_publisher_t[m[Kâ€™?
   79 |       [01;31m[Kpublisher_[m[K->publish(message);
      |       [01;31m[K^~~~~~~~~~[m[K
      |       [32m[Krmw_publisher_t[m[K
gmake[2]: *** [CMakeFiles/digipot.dir/build.make:76: CMakeFiles/digipot.dir/src/digipot.cpp.o] Error 1
gmake[1]: *** [CMakeFiles/Makefile2:137: CMakeFiles/digipot.dir/all] Error 2
gmake: *** [Makefile:146: all] Error 2
