[01m[K/ros2_ws/src/digipot/src/digipot.cpp:[m[K In member function â€˜[01m[Kvoid DigipotNode::teleopCallback(geometry_msgs::msg::Twist_<std::allocator<void> >::SharedPtr)[m[Kâ€™:
[01m[K/ros2_ws/src/digipot/src/digipot.cpp:84:33:[m[K [01;31m[Kerror: [m[Kexpected primary-expression before â€˜[01m[K.[m[Kâ€™ token
   84 |     last_control_ = rclcpp::Time[01;31m[K.[m[Know();
      |                                 [01;31m[K^[m[K
[01m[K/ros2_ws/src/digipot/src/digipot.cpp:[m[K In member function â€˜[01m[Kvoid DigipotNode::timer_callback()[m[Kâ€™:
[01m[K/ros2_ws/src/digipot/src/digipot.cpp:91:17:[m[K [01;31m[Kerror: [m[Kfound â€˜[01m[K:[m[Kâ€™ in nested-name-specifier, expected â€˜[01m[K::[m[Kâ€™
   91 |       if((rclcpp[01;31m[K:[m[KTime.now() - last_control_).nanoseconds() > 200000000.0)
      |                 [01;31m[K^[m[K
      |                 [32m[K::[m[K
[01m[K/ros2_ws/src/digipot/src/digipot.cpp:91:22:[m[K [01;31m[Kerror: [m[Kexpected primary-expression before â€˜[01m[K.[m[Kâ€™ token
   91 |       if((rclcpp:Time[01;31m[K.[m[Know() - last_control_).nanoseconds() > 200000000.0)
      |                      [01;31m[K^[m[K
gmake[2]: *** [CMakeFiles/digipot.dir/build.make:76: CMakeFiles/digipot.dir/src/digipot.cpp.o] Error 1
gmake[1]: *** [CMakeFiles/Makefile2:137: CMakeFiles/digipot.dir/all] Error 2
gmake: *** [Makefile:146: all] Error 2
