-- Found ament_cmake: 1.3.5 (/opt/ros/humble/share/ament_cmake/cmake)
-- Override CMake install command with custom implementation using symlinks instead of copying resources
-- Found rclcpp: 16.0.6 (/opt/ros/humble/share/rclcpp/cmake)
-- Found rosidl_generator_c: 3.1.5 (/opt/ros/humble/share/rosidl_generator_c/cmake)
-- Found rosidl_adapter: 3.1.5 (/opt/ros/humble/share/rosidl_adapter/cmake)
-- Found rosidl_generator_cpp: 3.1.5 (/opt/ros/humble/share/rosidl_generator_cpp/cmake)
-- Using all available rosidl_typesupport_c: rosidl_typesupport_fastrtps_c;rosidl_typesupport_introspection_c
-- Using all available rosidl_typesupport_cpp: rosidl_typesupport_fastrtps_cpp;rosidl_typesupport_introspection_cpp
-- Found rmw_implementation_cmake: 6.1.1 (/opt/ros/humble/share/rmw_implementation_cmake/cmake)
-- Found rmw_fastrtps_cpp: 6.2.4 (/opt/ros/humble/share/rmw_fastrtps_cpp/cmake)
-- Using RMW implementation 'rmw_fastrtps_cpp' as default
-- Found digipot_interfaces: 0.0.0 (/ros2_ws/install/digipot_interfaces/share/digipot_interfaces/cmake)
-- Found ament_lint_auto: 0.12.8 (/opt/ros/humble/share/ament_lint_auto/cmake)
-- Added test 'cppcheck' to perform static code analysis on C / C++ code
-- Configured cppcheck include dirs: $<BUILD_INTERFACE:/ros2_ws/src/digipot/include>
-- Configured cppcheck exclude dirs and/or files: 
-- Added test 'lint_cmake' to check CMake code style
-- Added test 'uncrustify' to check C / C++ code style
-- Configured uncrustify additional arguments: 
-- Added test 'xmllint' to check XML markup files
-- Configuring done
-- Generating done
-- Build files have been written to: /ros2_ws/build/digipot
[35m[1mConsolidate compiler generated dependencies of target digipot[0m
[ 33%] [32mBuilding CXX object CMakeFiles/digipot.dir/src/DigiPot.cpp.o[0m
[ 66%] [32mBuilding CXX object CMakeFiles/digipot.dir/src/digipot.cpp.o[0m
[01m[K/ros2_ws/src/digipot/src/digipot.cpp:13:10:[m[K [01;31m[Kfatal error: [m[Kdigipot/msg/Digipot.hpp: No such file or directory
   13 | #include [01;31m[K"digipot/msg/Digipot.hpp"[m[K
      |          [01;31m[K^~~~~~~~~~~~~~~~~~~~~~~~~[m[K
compilation terminated.
gmake[2]: *** [CMakeFiles/digipot.dir/build.make:76: CMakeFiles/digipot.dir/src/digipot.cpp.o] Error 1
gmake[2]: *** Waiting for unfinished jobs....
[01m[K/ros2_ws/src/digipot/src/DigiPot.cpp:[m[K In member function â€˜[01m[Kvoid DigiPot::increase(int)[m[Kâ€™:
[01m[K/ros2_ws/src/digipot/src/DigiPot.cpp:37:28:[m[K [01;35m[Kwarning: [m[Kunused parameter â€˜[01m[Kamount[m[Kâ€™ [[01;35m[K-Wunused-parameter[m[K]
   37 | void DigiPot::increase([01;35m[Kint amount[m[K) {
      |                        [01;35m[K~~~~^~~~~~[m[K
[01m[K/ros2_ws/src/digipot/src/DigiPot.cpp:[m[K In member function â€˜[01m[Kvoid DigiPot::decrease(int)[m[Kâ€™:
[01m[K/ros2_ws/src/digipot/src/DigiPot.cpp:48:28:[m[K [01;35m[Kwarning: [m[Kunused parameter â€˜[01m[Kamount[m[Kâ€™ [[01;35m[K-Wunused-parameter[m[K]
   48 | void DigiPot::decrease([01;35m[Kint amount[m[K) {
      |                        [01;35m[K~~~~^~~~~~[m[K
gmake[1]: *** [CMakeFiles/Makefile2:137: CMakeFiles/digipot.dir/all] Error 2
gmake: *** [Makefile:146: all] Error 2
