[01m[K/ros2_ws/src/digipot/src/digipot.cpp:[m[K In constructor â€˜[01m[KDigipotNode::DigipotNode()[m[Kâ€™:
[01m[K/ros2_ws/src/digipot/src/digipot.cpp:58:5:[m[K [01;31m[Kerror: [m[Kâ€˜[01m[Kjoy_sub[m[Kâ€™ was not declared in this scope; did you mean â€˜[01m[Kjoy_sub_[m[Kâ€™?
   58 |     [01;31m[Kjoy_sub[m[K+ = create_subscription<sensor_msgs::msg::Joy>(
      |     [01;31m[K^~~~~~~[m[K
      |     [32m[Kjoy_sub_[m[K
[01m[K/ros2_ws/src/digipot/src/digipot.cpp:58:14:[m[K [01;31m[Kerror: [m[Kexpected primary-expression before â€˜[01m[K=[m[Kâ€™ token
   58 |     joy_sub+ [01;31m[K=[m[K create_subscription<sensor_msgs::msg::Joy>(
      |              [01;31m[K^[m[K
[01m[K/ros2_ws/src/digipot/src/digipot.cpp:[m[K In member function â€˜[01m[Kvoid DigipotNode::teleopCallback(geometry_msgs::msg::Twist_<std::allocator<void> >::SharedPtr)[m[Kâ€™:
[01m[K/ros2_ws/src/digipot/src/digipot.cpp:87:13:[m[K [01;35m[Kwarning: [m[Kunused variable â€˜[01m[Kvalue[m[Kâ€™ [[01;35m[K-Wunused-variable[m[K]
   87 |     uint8_t [01;35m[Kvalue[m[K = digipot_.get() + msg->linear.x;
      |             [01;35m[K^~~~~[m[K
[01m[K/ros2_ws/src/digipot/src/digipot.cpp:[m[K In member function â€˜[01m[Kvoid DigipotNode::joyCallback(sensor_msgs::msg::Joy_<std::allocator<void> >::SharedPtr)[m[Kâ€™:
[01m[K/ros2_ws/src/digipot/src/digipot.cpp:103:11:[m[K [01;35m[Kwarning: [m[Kunused variable â€˜[01m[Krl_value[m[Kâ€™ [[01;35m[K-Wunused-variable[m[K]
  103 |     float [01;35m[Krl_value[m[K = msg->axes[2];
      |           [01;35m[K^~~~~~~~[m[K
gmake[2]: *** [CMakeFiles/digipot.dir/build.make:76: CMakeFiles/digipot.dir/src/digipot.cpp.o] Error 1
gmake[1]: *** [CMakeFiles/Makefile2:137: CMakeFiles/digipot.dir/all] Error 2
gmake: *** [Makefile:146: all] Error 2
