[0.301s] Invoking command in '/ros2_ws/build/digipot': CMAKE_PREFIX_PATH=/ros2_ws/install/digipot_interfaces:/ros2_ws/install/sllidar_ros2:/ros2_ws/install/digipot:/ros2_ws/install/delivery_bot_package:/ros2_ws/install/ws_server:/ros2_ws/install/vision:/ros2_ws/install/rtcbot_adapter:/ros2_ws/install/motion_control:/opt/ros/humble LD_LIBRARY_PATH=/ros2_ws/install/digipot_interfaces/lib:/ros2_ws/install/digipot/lib:/opt/ros/humble/lib/aarch64-linux-gnu:/opt/ros/humble/lib /usr/bin/cmake --build /ros2_ws/build/digipot -- -j4 -l4
[0.476s] [35m[1mConsolidate compiler generated dependencies of target digipot[0m
[0.556s] [ 33%] [32mBuilding CXX object CMakeFiles/digipot.dir/src/digipot.cpp.o[0m
[13.970s] [01m[K/ros2_ws/src/digipot/src/digipot.cpp:[m[K In constructor â€˜[01m[KDigipotNode::DigipotNode()[m[Kâ€™:
[13.971s] [01m[K/ros2_ws/src/digipot/src/digipot.cpp:58:5:[m[K [01;31m[Kerror: [m[Kâ€˜[01m[Kjoy_sub[m[Kâ€™ was not declared in this scope; did you mean â€˜[01m[Kjoy_sub_[m[Kâ€™?
[13.971s]    58 |     [01;31m[Kjoy_sub[m[K+ = create_subscription<sensor_msgs::msg::Joy>(
[13.972s]       |     [01;31m[K^~~~~~~[m[K
[13.972s]       |     [32m[Kjoy_sub_[m[K
[13.973s] [01m[K/ros2_ws/src/digipot/src/digipot.cpp:58:14:[m[K [01;31m[Kerror: [m[Kexpected primary-expression before â€˜[01m[K=[m[Kâ€™ token
[13.973s]    58 |     joy_sub+ [01;31m[K=[m[K create_subscription<sensor_msgs::msg::Joy>(
[13.980s]       |              [01;31m[K^[m[K
[14.124s] [01m[K/ros2_ws/src/digipot/src/digipot.cpp:[m[K In member function â€˜[01m[Kvoid DigipotNode::teleopCallback(geometry_msgs::msg::Twist_<std::allocator<void> >::SharedPtr)[m[Kâ€™:
[14.125s] [01m[K/ros2_ws/src/digipot/src/digipot.cpp:87:13:[m[K [01;35m[Kwarning: [m[Kunused variable â€˜[01m[Kvalue[m[Kâ€™ [[01;35m[K-Wunused-variable[m[K]
[14.125s]    87 |     uint8_t [01;35m[Kvalue[m[K = digipot_.get() + msg->linear.x;
[14.126s]       |             [01;35m[K^~~~~[m[K
[14.137s] [01m[K/ros2_ws/src/digipot/src/digipot.cpp:[m[K In member function â€˜[01m[Kvoid DigipotNode::joyCallback(sensor_msgs::msg::Joy_<std::allocator<void> >::SharedPtr)[m[Kâ€™:
[14.138s] [01m[K/ros2_ws/src/digipot/src/digipot.cpp:103:11:[m[K [01;35m[Kwarning: [m[Kunused variable â€˜[01m[Krl_value[m[Kâ€™ [[01;35m[K-Wunused-variable[m[K]
[14.138s]   103 |     float [01;35m[Krl_value[m[K = msg->axes[2];
[14.138s]       |           [01;35m[K^~~~~~~~[m[K
[35.124s] gmake[2]: *** [CMakeFiles/digipot.dir/build.make:76: CMakeFiles/digipot.dir/src/digipot.cpp.o] Error 1
[35.125s] gmake[1]: *** [CMakeFiles/Makefile2:137: CMakeFiles/digipot.dir/all] Error 2
[35.134s] gmake: *** [Makefile:146: all] Error 2
[35.144s] Invoked command in '/ros2_ws/build/digipot' returned '2': CMAKE_PREFIX_PATH=/ros2_ws/install/digipot_interfaces:/ros2_ws/install/sllidar_ros2:/ros2_ws/install/digipot:/ros2_ws/install/delivery_bot_package:/ros2_ws/install/ws_server:/ros2_ws/install/vision:/ros2_ws/install/rtcbot_adapter:/ros2_ws/install/motion_control:/opt/ros/humble LD_LIBRARY_PATH=/ros2_ws/install/digipot_interfaces/lib:/ros2_ws/install/digipot/lib:/opt/ros/humble/lib/aarch64-linux-gnu:/opt/ros/humble/lib /usr/bin/cmake --build /ros2_ws/build/digipot -- -j4 -l4
