[35m[1mConsolidate compiler generated dependencies of target digipot[0m
[ 33%] [32mBuilding CXX object CMakeFiles/digipot.dir/src/digipot.cpp.o[0m
[01m[K/ros2_ws/src/digipot/src/digipot.cpp:[m[K In member function â€˜[01m[Kvoid DigipotNode::teleopCallback(geometry_msgs::msg::Twist_<std::allocator<void> >::SharedPtr)[m[Kâ€™:
[01m[K/ros2_ws/src/digipot/src/digipot.cpp:88:33:[m[K [01;31m[Kerror: [m[Kâ€˜[01m[Kusing SharedPtr = class std::shared_ptr<rclcpp::Clock>[m[Kâ€™ {aka â€˜[01m[Kclass std::shared_ptr<rclcpp::Clock>[m[Kâ€™} has no member named â€˜[01m[Know[m[Kâ€™
   88 |     last_control_ = get_clock().[01;31m[Know[m[K();
      |                                 [01;31m[K^~~[m[K
[01m[K/ros2_ws/src/digipot/src/digipot.cpp:87:13:[m[K [01;35m[Kwarning: [m[Kunused variable â€˜[01m[Kvalue[m[Kâ€™ [[01;35m[K-Wunused-variable[m[K]
   87 |     uint8_t [01;35m[Kvalue[m[K = digipot_.get() + msg->linear.x;
      |             [01;35m[K^~~~~[m[K
[01m[K/ros2_ws/src/digipot/src/digipot.cpp:[m[K In member function â€˜[01m[Kvoid DigipotNode::joyCallback(sensor_msgs::msg::Joy_<std::allocator<void> >::SharedPtr)[m[Kâ€™:
[01m[K/ros2_ws/src/digipot/src/digipot.cpp:103:11:[m[K [01;35m[Kwarning: [m[Kunused variable â€˜[01m[Krl_value[m[Kâ€™ [[01;35m[K-Wunused-variable[m[K]
  103 |     float [01;35m[Krl_value[m[K = msg->axes[2];
      |           [01;35m[K^~~~~~~~[m[K
[01m[K/ros2_ws/src/digipot/src/digipot.cpp:[m[K In member function â€˜[01m[Kvoid DigipotNode::timer_callback()[m[Kâ€™:
[01m[K/ros2_ws/src/digipot/src/digipot.cpp:114:23:[m[K [01;31m[Kerror: [m[Kâ€˜[01m[Kusing SharedPtr = class std::shared_ptr<rclcpp::Clock>[m[Kâ€™ {aka â€˜[01m[Kclass std::shared_ptr<rclcpp::Clock>[m[Kâ€™} has no member named â€˜[01m[Know[m[Kâ€™
  114 |       if((get_clock().[01;31m[Know[m[K() - last_control_).nanoseconds() > 200000000.0)
      |                       [01;31m[K^~~[m[K
gmake[2]: *** [CMakeFiles/digipot.dir/build.make:76: CMakeFiles/digipot.dir/src/digipot.cpp.o] Error 1
gmake[1]: *** [CMakeFiles/Makefile2:137: CMakeFiles/digipot.dir/all] Error 2
gmake: *** [Makefile:146: all] Error 2
