[0.281s] Invoking command in '/ros2_ws/build/digipot': CMAKE_PREFIX_PATH=/ros2_ws/install/digipot_interfaces:/ros2_ws/install/sllidar_ros2:/ros2_ws/install/digipot:/ros2_ws/install/delivery_bot_package:/ros2_ws/install/ws_server:/ros2_ws/install/vision:/ros2_ws/install/rtcbot_adapter:/ros2_ws/install/motion_control:/opt/ros/humble LD_LIBRARY_PATH=/ros2_ws/install/digipot_interfaces/lib:/ros2_ws/install/digipot/lib:/opt/ros/humble/lib/aarch64-linux-gnu:/opt/ros/humble/lib /usr/bin/cmake --build /ros2_ws/build/digipot -- -j4 -l4
[0.459s] [35m[1mConsolidate compiler generated dependencies of target digipot[0m
[0.534s] [ 33%] [32mBuilding CXX object CMakeFiles/digipot.dir/src/digipot.cpp.o[0m
[13.206s] [01m[K/ros2_ws/src/digipot/src/digipot.cpp:[m[K In member function â€˜[01m[Kvoid DigipotNode::teleopCallback(geometry_msgs::msg::Twist_<std::allocator<void> >::SharedPtr)[m[Kâ€™:
[13.208s] [01m[K/ros2_ws/src/digipot/src/digipot.cpp:88:33:[m[K [01;31m[Kerror: [m[Kâ€˜[01m[Kusing SharedPtr = class std::shared_ptr<rclcpp::Clock>[m[Kâ€™ {aka â€˜[01m[Kclass std::shared_ptr<rclcpp::Clock>[m[Kâ€™} has no member named â€˜[01m[Know[m[Kâ€™
[13.210s]    88 |     last_control_ = get_clock().[01;31m[Know[m[K();
[13.211s]       |                                 [01;31m[K^~~[m[K
[13.211s] [01m[K/ros2_ws/src/digipot/src/digipot.cpp:87:13:[m[K [01;35m[Kwarning: [m[Kunused variable â€˜[01m[Kvalue[m[Kâ€™ [[01;35m[K-Wunused-variable[m[K]
[13.212s]    87 |     uint8_t [01;35m[Kvalue[m[K = digipot_.get() + msg->linear.x;
[13.212s]       |             [01;35m[K^~~~~[m[K
[13.223s] [01m[K/ros2_ws/src/digipot/src/digipot.cpp:[m[K In member function â€˜[01m[Kvoid DigipotNode::joyCallback(sensor_msgs::msg::Joy_<std::allocator<void> >::SharedPtr)[m[Kâ€™:
[13.224s] [01m[K/ros2_ws/src/digipot/src/digipot.cpp:103:11:[m[K [01;35m[Kwarning: [m[Kunused variable â€˜[01m[Krl_value[m[Kâ€™ [[01;35m[K-Wunused-variable[m[K]
[13.224s]   103 |     float [01;35m[Krl_value[m[K = msg->axes[2];
[13.224s]       |           [01;35m[K^~~~~~~~[m[K
[13.225s] [01m[K/ros2_ws/src/digipot/src/digipot.cpp:[m[K In member function â€˜[01m[Kvoid DigipotNode::timer_callback()[m[Kâ€™:
[13.226s] [01m[K/ros2_ws/src/digipot/src/digipot.cpp:114:23:[m[K [01;31m[Kerror: [m[Kâ€˜[01m[Kusing SharedPtr = class std::shared_ptr<rclcpp::Clock>[m[Kâ€™ {aka â€˜[01m[Kclass std::shared_ptr<rclcpp::Clock>[m[Kâ€™} has no member named â€˜[01m[Know[m[Kâ€™
[13.226s]   114 |       if((get_clock().[01;31m[Know[m[K() - last_control_).nanoseconds() > 200000000.0)
[13.227s]       |                       [01;31m[K^~~[m[K
[33.484s] gmake[2]: *** [CMakeFiles/digipot.dir/build.make:76: CMakeFiles/digipot.dir/src/digipot.cpp.o] Error 1
[33.487s] gmake[1]: *** [CMakeFiles/Makefile2:137: CMakeFiles/digipot.dir/all] Error 2
[33.488s] gmake: *** [Makefile:146: all] Error 2
[33.489s] Invoked command in '/ros2_ws/build/digipot' returned '2': CMAKE_PREFIX_PATH=/ros2_ws/install/digipot_interfaces:/ros2_ws/install/sllidar_ros2:/ros2_ws/install/digipot:/ros2_ws/install/delivery_bot_package:/ros2_ws/install/ws_server:/ros2_ws/install/vision:/ros2_ws/install/rtcbot_adapter:/ros2_ws/install/motion_control:/opt/ros/humble LD_LIBRARY_PATH=/ros2_ws/install/digipot_interfaces/lib:/ros2_ws/install/digipot/lib:/opt/ros/humble/lib/aarch64-linux-gnu:/opt/ros/humble/lib /usr/bin/cmake --build /ros2_ws/build/digipot -- -j4 -l4
